[2026-03-23 13:46:43,605] KFoldTrainer - INFO - 
================================================================================
[2026-03-23 13:46:43,605] KFoldTrainer - INFO - FOLD 1/2
[2026-03-23 13:46:43,605] KFoldTrainer - INFO - ================================================================================
[2026-03-23 13:46:50,485] KFoldTrainer - INFO - Epoch   1 | Train Loss: 0.4786 | Val Loss: 0.4044 | LR: 1.00e-03
[2026-03-23 13:46:50,498] KFoldTrainer - INFO - [SAVE] Best model at epoch 1
[2026-03-23 13:46:50,861] KFoldTrainer - INFO - 
[TEST] Fold 1 Results:
[2026-03-23 13:46:50,861] KFoldTrainer - INFO -   Mortality AUC: 0.6382
[2026-03-23 13:46:50,861] KFoldTrainer - INFO -   Risk F1: 0.4512
[2026-03-23 13:46:50,863] KFoldTrainer - INFO -   LOS MAE: 1.5960
[2026-03-23 13:46:50,865] KFoldTrainer - INFO - 
================================================================================
[2026-03-23 13:46:50,865] KFoldTrainer - INFO - FOLD 2/2
[2026-03-23 13:46:50,865] KFoldTrainer - INFO - ================================================================================
[2026-03-23 13:46:54,814] KFoldTrainer - INFO - Epoch   1 | Train Loss: 0.4467 | Val Loss: 0.3286 | LR: 1.00e-03
[2026-03-23 13:46:54,837] KFoldTrainer - INFO - [SAVE] Best model at epoch 1
[2026-03-23 13:46:55,218] KFoldTrainer - INFO - 
[TEST] Fold 2 Results:
[2026-03-23 13:46:55,218] KFoldTrainer - INFO -   Mortality AUC: 0.6818
[2026-03-23 13:46:55,218] KFoldTrainer - INFO -   Risk F1: 0.4396
[2026-03-23 13:46:55,220] KFoldTrainer - INFO -   LOS MAE: 1.1008
[2026-03-23 13:46:55,227] KFoldTrainer - INFO - 
================================================================================
[2026-03-23 13:46:55,227] KFoldTrainer - INFO - K-FOLD SUMMARY
[2026-03-23 13:46:55,227] KFoldTrainer - INFO - ================================================================================
[2026-03-23 13:46:55,229] KFoldTrainer - INFO - Mortality AUC: 0.6600 +/- 0.0218
[2026-03-23 13:46:55,229] KFoldTrainer - INFO - Risk F1:       0.4454 +/- 0.0058
[2026-03-23 13:46:55,229] KFoldTrainer - INFO - LOS MAE:       1.3484 +/- 0.2476
[2026-03-23 13:46:55,231] KFoldTrainer - INFO - 
[SAVE] Results saved to logs\multimodal\kfold_results_20260323_134655.json
[2026-03-23 13:46:55,236] KFoldTrainer - INFO - [SAVE] Fold summary saved to logs\multimodal\kfold_summary_20260323_134655.csv
